<?xml version="1.0" encoding="UTF-8"?>
<!-- Generated by org.testng.reporters.JUnitReportReporter -->
<testsuite skipped="0" hostname="Zaheer" name="yahoo.AppiumTest" tests="2" failures="0" timestamp="2020-05-17T13:58:32 IST" time="0.006" errors="0">
  <testcase name="mobileLogin" time="0.005" classname="yahoo.AppiumTest"/>
  <system-out/>
  <testcase name="mobileLogout" time="0.001" classname="yahoo.AppiumTest"/>
  <system-out/>
</testsuite> <!-- yahoo.AppiumTest -->
