<?xml version="1.0" encoding="UTF-8"?>
<!-- Generated by org.testng.reporters.JUnitReportReporter -->
<testsuite skipped="0" hostname="Zaheer" name="yahoo.SeleniumTest" tests="2" failures="0" timestamp="2020-05-17T13:58:32 IST" time="0.000" errors="0">
  <testcase name="openWindow" time="0.000" classname="yahoo.SeleniumTest"/>
  <system-out/>
  <testcase name="closeWindow" time="0.000" classname="yahoo.SeleniumTest"/>
  <system-out/>
</testsuite> <!-- yahoo.SeleniumTest -->
