<?xml version="1.0" encoding="UTF-8"?>
<!-- Generated by org.testng.reporters.JUnitReportReporter -->
<testsuite skipped="0" hostname="Zaheer" name="yahoo.RestapiTest" tests="2" failures="0" timestamp="2020-05-17T13:58:32 IST" time="0.001" errors="0">
  <testcase name="acceptCookies" time="0.001" classname="yahoo.RestapiTest"/>
  <system-out/>
  <testcase name="deleteCookies" time="0.000" classname="yahoo.RestapiTest"/>
  <system-out/>
</testsuite> <!-- yahoo.RestapiTest -->
